<?xml version="1.0" encoding="UTF-8"?>
<robot generator="Robot 7.3.2 (Python 3.10.2 on win32)" generated="2025-10-23T14:32:26.281315" rpa="false" schemaversion="5">
<suite id="s1" name="Logout" source="C:\Users\Мадина\Desktop\ST hw2\testCases\logout.robot">
<test id="s1-t1" name="Verify User Can Log In And Log Out" line="5">
<kw name="Open Login Page" owner="resources">
<kw name="Open Browser" owner="SeleniumLibrary">
<msg time="2025-10-23T14:32:26.630860" level="INFO">Opening browser 'edge' to base url 'https://www.saucedemo.com/v1/'.</msg>
<arg>${baseUrl}</arg>
<arg>edge</arg>
<doc>Opens a new browser instance to the optional ``url``.</doc>
<status status="PASS" start="2025-10-23T14:32:26.630860" elapsed="2.511383"/>
</kw>
<kw name="Maximize Browser Window" owner="SeleniumLibrary">
<doc>Maximizes current browser window.</doc>
<status status="PASS" start="2025-10-23T14:32:29.143383" elapsed="0.045046"/>
</kw>
<status status="PASS" start="2025-10-23T14:32:26.629830" elapsed="2.559609"/>
</kw>
<kw name="Login User" owner="resources">
<kw name="Input Text" owner="SeleniumLibrary">
<msg time="2025-10-23T14:32:29.192492" level="INFO">Typing text 'standard_user' into text field 'id:user-name'.</msg>
<arg>${username_field}</arg>
<arg>${username}</arg>
<doc>Types the given ``text`` into the text field identified by ``locator``.</doc>
<status status="PASS" start="2025-10-23T14:32:29.191444" elapsed="0.155291"/>
</kw>
<kw name="Input Text" owner="SeleniumLibrary">
<msg time="2025-10-23T14:32:29.348000" level="INFO">Typing text 'secret_sauce' into text field 'id:password'.</msg>
<arg>${password_field}</arg>
<arg>${password}</arg>
<doc>Types the given ``text`` into the text field identified by ``locator``.</doc>
<status status="PASS" start="2025-10-23T14:32:29.346735" elapsed="0.092296"/>
</kw>
<kw name="Click Button" owner="SeleniumLibrary">
<msg time="2025-10-23T14:32:29.439559" level="INFO">Clicking button 'id:login-button'.</msg>
<arg>${login_button}</arg>
<doc>Clicks the button identified by ``locator``.</doc>
<status status="PASS" start="2025-10-23T14:32:29.439559" elapsed="2.196660"/>
</kw>
<kw name="Sleep" owner="BuiltIn">
<msg time="2025-10-23T14:32:33.643568" level="INFO">Slept 2 seconds.</msg>
<arg>2s</arg>
<doc>Pauses the test executed for the given time.</doc>
<status status="PASS" start="2025-10-23T14:32:31.636219" elapsed="2.008221"/>
</kw>
<status status="PASS" start="2025-10-23T14:32:29.190926" elapsed="4.453514"/>
</kw>
<kw name="Logout User" owner="resources">
<kw name="Wait Until Element Is Visible" owner="SeleniumLibrary">
<arg>${menu_button}</arg>
<arg>timeout=5s</arg>
<doc>Waits until the element ``locator`` is visible.</doc>
<status status="PASS" start="2025-10-23T14:32:33.645444" elapsed="0.031191"/>
</kw>
<kw name="Click Element" owner="SeleniumLibrary">
<msg time="2025-10-23T14:32:33.677664" level="INFO">Clicking element 'class:bm-burger-button'.</msg>
<arg>${menu_button}</arg>
<doc>Click the element identified by ``locator``.</doc>
<status status="PASS" start="2025-10-23T14:32:33.676635" elapsed="0.080085"/>
</kw>
<kw name="Wait Until Element Is Visible" owner="SeleniumLibrary">
<arg>${logout_link}</arg>
<arg>timeout=5s</arg>
<doc>Waits until the element ``locator`` is visible.</doc>
<status status="PASS" start="2025-10-23T14:32:33.756720" elapsed="0.267031"/>
</kw>
<kw name="Click Element" owner="SeleniumLibrary">
<msg time="2025-10-23T14:32:34.024751" level="INFO">Clicking element 'id:logout_sidebar_link'.</msg>
<arg>${logout_link}</arg>
<doc>Click the element identified by ``locator``.</doc>
<status status="PASS" start="2025-10-23T14:32:34.023751" elapsed="0.540394"/>
</kw>
<kw name="Sleep" owner="BuiltIn">
<msg time="2025-10-23T14:32:36.573052" level="INFO">Slept 2 seconds.</msg>
<arg>2s</arg>
<doc>Pauses the test executed for the given time.</doc>
<status status="PASS" start="2025-10-23T14:32:34.564666" elapsed="2.008386"/>
</kw>
<kw name="Wait Until Element Is Visible" owner="SeleniumLibrary">
<arg>${login_button}</arg>
<arg>timeout=10s</arg>
<doc>Waits until the element ``locator`` is visible.</doc>
<status status="PASS" start="2025-10-23T14:32:36.573545" elapsed="0.028286"/>
</kw>
<kw name="Sleep" owner="BuiltIn">
<msg time="2025-10-23T14:32:38.615716" level="INFO">Slept 2 seconds.</msg>
<arg>2s</arg>
<doc>Pauses the test executed for the given time.</doc>
<status status="PASS" start="2025-10-23T14:32:36.601831" elapsed="2.014192"/>
</kw>
<kw name="Page Should Contain Element" owner="SeleniumLibrary">
<msg time="2025-10-23T14:32:38.627058" level="INFO">Current page contains element 'id:login-button'.</msg>
<arg>${login_button}</arg>
<doc>Verifies that element ``locator`` is found on the current page.</doc>
<status status="PASS" start="2025-10-23T14:32:38.616244" elapsed="0.010814"/>
</kw>
<status status="PASS" start="2025-10-23T14:32:33.644950" elapsed="4.982108"/>
</kw>
<kw name="Close Browser" owner="resources">
<kw name="Close All Browsers" owner="SeleniumLibrary">
<doc>Closes all open browsers and resets the browser cache.</doc>
<status status="PASS" start="2025-10-23T14:32:38.628059" elapsed="2.435579"/>
</kw>
<status status="PASS" start="2025-10-23T14:32:38.628059" elapsed="2.435579"/>
</kw>
<status status="PASS" start="2025-10-23T14:32:26.628893" elapsed="14.434745"/>
</test>
<status status="PASS" start="2025-10-23T14:32:26.284136" elapsed="14.780987"/>
</suite>
<statistics>
<total>
<stat pass="1" fail="0" skip="0">All Tests</stat>
</total>
<tag>
</tag>
<suite>
<stat name="Logout" id="s1" pass="1" fail="0" skip="0">Logout</stat>
</suite>
</statistics>
<errors>
</errors>
</robot>
